<component name="libraryTable">
  <library name="junit:junit:4.11" type="repository">
    <properties maven-id="junit:junit:4.11" />
    <CLASSES>
      <root url="jar://$MAVEN_REPOSITORY$/junit/junit/4.11/junit-4.11.jar!/" />
      <root url="jar://$MAVEN_REPOSITORY$/org/hamcrest/hamcrest-core/1.3/hamcrest-core-1.3.jar!/" />
    </CLASSES>
    <JAVADOC />
    <SOURCES />
  </library>
</component>